生成启动时间为 2022/9/21 15:12:21。
     1>项目“D:\code_files\vs2013\test\qt\myMdi\myMdi\myMdi.vcxproj”在节点 2 上(Rebuild 个目标)。
     1>CustomBuild:
         Moc'ing mainwindow.h...
         Uic'ing mainwindow.ui...
         Moc'ing MdiChild.h...
         Rcc'ing mainwindow.qrc...
     1>RCC : warning : No resources in 'D:\code_files\vs2013\test\qt\myMdi\myMdi\mainwindow.qrc'.
         
     1>C:\Program Files (x86)\MSBuild\Microsoft.Cpp\v4.0\V120\Microsoft.CppBuild.targets(935,5): warning MSB8027: Two or more files with the name of moc_mainwindow.cpp will produce outputs to the same location. This can lead to an incorrect build result.  The files involved are GeneratedFiles\Debug\moc_mainwindow.cpp, GeneratedFiles\Release\moc_mainwindow.cpp.
     1>C:\Program Files (x86)\MSBuild\Microsoft.Cpp\v4.0\V120\Microsoft.CppBuild.targets(935,5): warning MSB8027: Two or more files with the name of moc_MdiChild.cpp will produce outputs to the same location. This can lead to an incorrect build result.  The files involved are GeneratedFiles\Debug\moc_MdiChild.cpp, GeneratedFiles\Release\moc_MdiChild.cpp.
       ClCompile:
         C:\Program Files (x86)\Microsoft Visual Studio 12.0\VC\bin\CL.exe /c /I.\GeneratedFiles /I. /ID:\software\QT5_5_x86\qt_installpath\5.5\msvc2013\include /I.\GeneratedFiles\Debug /ID:\software\QT5_5_x86\qt_installpath\5.5\msvc2013\include\QtCore /ID:\software\QT5_5_x86\qt_installpath\5.5\msvc2013\include\QtGui /ID:\software\QT5_5_x86\qt_installpath\5.5\msvc2013\include\QtWidgets /Zi /nologo /W1 /WX- /Od /Oy- /D UNICODE /D WIN32 /D WIN64 /D QT_DLL /D QT_CORE_LIB /D QT_GUI_LIB /D QT_WIDGETS_LIB /Gm- /EHsc /MDd /GS /fp:precise /Zc:wchar_t /Zc:forScope /Fo"Debug\\" /Fd"Debug\vc120.pdb" /Gd /TP /analyze- /errorReport:prompt GeneratedFiles\Debug\moc_mainwindow.cpp GeneratedFiles\Debug\moc_MdiChild.cpp main.cpp mainwindow.cpp MdiChild.cpp
         moc_mainwindow.cpp
         moc_MdiChild.cpp
         main.cpp
         mainwindow.cpp
         MdiChild.cpp
         正在生成代码...
         C:\Program Files (x86)\Microsoft Visual Studio 12.0\VC\bin\CL.exe /c /I.\GeneratedFiles /I. /ID:\software\QT5_5_x86\qt_installpath\5.5\msvc2013\include /I.\GeneratedFiles\Debug /ID:\software\QT5_5_x86\qt_installpath\5.5\msvc2013\include\QtCore /ID:\software\QT5_5_x86\qt_installpath\5.5\msvc2013\include\QtGui /ID:\software\QT5_5_x86\qt_installpath\5.5\msvc2013\include\QtWidgets /Zi /nologo /W1 /WX- /Od /Oy- /D UNICODE /D WIN32 /D WIN64 /D QT_DLL /D QT_CORE_LIB /D QT_GUI_LIB /D QT_WIDGETS_LIB /Gm- /EHsc /MDd /GS /fp:precise /Zc:wchar_t /Zc:forScope /Fo"Debug\\" /Fd"Debug\vc120.pdb" /Gd /TP /analyze- /errorReport:prompt GeneratedFiles\qrc_mainwindow.cpp
         qrc_mainwindow.cpp
       Link:
         C:\Program Files (x86)\Microsoft Visual Studio 12.0\VC\bin\link.exe /ERRORREPORT:PROMPT /OUT:"D:\code_files\vs2013\test\qt\myMdi\Win32\Debug\\myMdi.exe" /NOLOGO /LIBPATH:D:\software\QT5_5_x86\qt_installpath\5.5\msvc2013\lib qtmaind.lib Qt5Cored.lib Qt5Guid.lib Qt5Widgetsd.lib opencv_ml249d.lib opencv_calib3d249d.lib opencv_contrib249d.lib opencv_core249d.lib opencv_features2d249d.lib opencv_flann249d.lib opencv_gpu249d.lib opencv_highgui249d.lib opencv_imgproc249d.lib opencv_legacy249d.lib opencv_objdetect249d.lib opencv_ts249d.lib opencv_video249d.lib opencv_nonfree249d.lib opencv_ocl249d.lib opencv_photo249d.lib opencv_stitching249d.lib opencv_superres249d.lib opencv_videostab249d.lib opencv_objdetect249.lib opencv_ts249.lib opencv_video249.lib opencv_nonfree249.lib opencv_ocl249.lib opencv_photo249.lib opencv_stitching249.lib opencv_superres249.lib opencv_videostab249.lib opencv_calib3d249.lib opencv_contrib249.lib opencv_core249.lib opencv_features2d249.lib opencv_flann249.lib opencv_gpu249.lib opencv_highgui249.lib opencv_imgproc249.lib opencv_legacy249.lib opencv_ml249.lib kernel32.lib user32.lib gdi32.lib winspool.lib comdlg32.lib advapi32.lib shell32.lib ole32.lib oleaut32.lib uuid.lib odbc32.lib odbccp32.lib /MANIFEST /MANIFESTUAC:"level='asInvoker' uiAccess='false'" /manifest:embed /DEBUG /PDB:"D:\code_files\vs2013\test\qt\myMdi\Win32\Debug\myMdi.pdb" /SUBSYSTEM:WINDOWS /TLBID:1 /DYNAMICBASE /NXCOMPAT /IMPLIB:"D:\code_files\vs2013\test\qt\myMdi\Win32\Debug\myMdi.lib" /MACHINE:X86 /SAFESEH Debug\moc_mainwindow.obj
         Debug\moc_MdiChild.obj
         Debug\qrc_mainwindow.obj
         Debug\main.obj
         Debug\mainwindow.obj
         Debug\MdiChild.obj
         myMdi.vcxproj -> D:\code_files\vs2013\test\qt\myMdi\Win32\Debug\myMdi.exe
     1>已完成生成项目“D:\code_files\vs2013\test\qt\myMdi\myMdi\myMdi.vcxproj”(Rebuild 个目标)的操作。

生成成功。

已用时间 00:00:05.64
