d:\code_files\vs2013\test\qt\mymdi\mymdi\debug\vc120.pdb
d:\code_files\vs2013\test\qt\mymdi\mymdi\debug\qrc_mainwindow.obj
d:\code_files\vs2013\test\qt\mymdi\mymdi\debug\mainwindow.obj
d:\code_files\vs2013\test\qt\mymdi\mymdi\debug\main.obj
d:\code_files\vs2013\test\qt\mymdi\mymdi\debug\mdichild.obj
d:\code_files\vs2013\test\qt\mymdi\mymdi\debug\moc_mainwindow.obj
d:\code_files\vs2013\test\qt\mymdi\mymdi\debug\moc_mdichild.obj
d:\code_files\vs2013\test\qt\mymdi\mymdi\generatedfiles\qrc_mainwindow.cpp
d:\code_files\vs2013\test\qt\mymdi\mymdi\generatedfiles\debug\moc_mdichild.cpp
d:\code_files\vs2013\test\qt\mymdi\mymdi\generatedfiles\debug\moc_mainwindow.cpp
d:\code_files\vs2013\test\qt\mymdi\mymdi\generatedfiles\ui_mainwindow.h
d:\code_files\vs2013\test\qt\mymdi\win32\debug\mymdi.ilk
d:\code_files\vs2013\test\qt\mymdi\win32\debug\mymdi.exe
d:\code_files\vs2013\test\qt\mymdi\win32\debug\mymdi.pdb
d:\code_files\vs2013\test\qt\mymdi\mymdi\debug\mymdi.tlog\cl.command.1.tlog
d:\code_files\vs2013\test\qt\mymdi\mymdi\debug\mymdi.tlog\cl.read.1.tlog
d:\code_files\vs2013\test\qt\mymdi\mymdi\debug\mymdi.tlog\cl.write.1.tlog
d:\code_files\vs2013\test\qt\mymdi\mymdi\debug\mymdi.tlog\custombuild.command.1.tlog
d:\code_files\vs2013\test\qt\mymdi\mymdi\debug\mymdi.tlog\custombuild.read.1.tlog
d:\code_files\vs2013\test\qt\mymdi\mymdi\debug\mymdi.tlog\custombuild.write.1.tlog
d:\code_files\vs2013\test\qt\mymdi\mymdi\debug\mymdi.tlog\link.command.1.tlog
d:\code_files\vs2013\test\qt\mymdi\mymdi\debug\mymdi.tlog\link.read.1.tlog
d:\code_files\vs2013\test\qt\mymdi\mymdi\debug\mymdi.tlog\link.write.1.tlog
